#
# There is insufficient memory for the Java Runtime Environment to continue.
# Native memory allocation (mmap) failed to map 134217728 bytes for Failed to commit area from 0x0000000080e00000 to 0x0000000088e00000 of length 134217728.
# Possible reasons:
#   The system is out of physical RAM or swap space
#   The process is running with CompressedOops enabled, and the Java Heap may be blocking the growth of the native heap
# Possible solutions:
#   Reduce memory load on the system
#   Increase physical memory or swap space
#   Check if swap backing store is full
#   Decrease Java heap size (-Xmx/-Xms)
#   Decrease number of Java threads
#   Decrease Java thread stack sizes (-Xss)
#   Set larger code cache with -XX:ReservedCodeCacheSize=
#   JVM is running with Unscaled Compressed Oops mode in which the Java heap is
#     placed in the first 4GB address space. The Java Heap base address is the
#     maximum limit for the native heap growth. Please use -XX:HeapBaseMinAddress
#     to set the Java Heap base and to place the Java Heap above 4GB virtual address.
# This output file may be truncated or incomplete.
#
#  Out of Memory Error (./open/src/hotspot/os/windows/os_windows.cpp:3315), pid=6484, tid=19936
#
# JRE version:  (14.0.1+7) (build )
# Java VM: Java HotSpot(TM) 64-Bit Server VM (14.0.1+7, mixed mode, sharing, tiered, compressed oops, g1 gc, windows-amd64)
# No core dump will be written. Minidumps are not enabled by default on client versions of Windows
#

---------------  S U M M A R Y ------------

Command Line: -Dfile.encoding=Cp1252 kusty_interface.Calculator

Host: Intel(R) Core(TM) i7-6700HQ CPU @ 2.60GHz, 8 cores, 7G,  Windows 10 , 64 bit Build 18362 (10.0.18362.778)
Time: Tue Apr 28 11:27:40 2020 Paris, Madrid (heure d?été) elapsed time: 0 seconds (0d 0h 0m 0s)

---------------  T H R E A D  ---------------

Current thread (0x000002b08a83c800):  JavaThread "Unknown thread" [_thread_in_vm, id=19936, stack(0x000000ed74800000,0x000000ed74900000)]

Stack: [0x000000ed74800000,0x000000ed74900000]
Native frames: (J=compiled Java code, j=interpreted, Vv=VM code, C=native code)
V  [jvm.dll+0x5f840a]
V  [jvm.dll+0x741e4a]
V  [jvm.dll+0x7435ff]
V  [jvm.dll+0x743c43]
V  [jvm.dll+0x20d288]
V  [jvm.dll+0x5f57ba]
V  [jvm.dll+0x5ea615]
V  [jvm.dll+0x2c7e9c]
V  [jvm.dll+0x2c7cd2]
V  [jvm.dll+0x2cdbbc]
V  [jvm.dll+0x313ff8]
V  [jvm.dll+0x313720]
V  [jvm.dll+0x2a092a]
V  [jvm.dll+0x2a1a79]
V  [jvm.dll+0x71f718]
V  [jvm.dll+0x321c44]
V  [jvm.dll+0x700b0c]
V  [jvm.dll+0x392dff]
V  [jvm.dll+0x394e71]
C  [jli.dll+0x523b]
C  [ucrtbase.dll+0x20e72]
C  [KERNEL32.DLL+0x17bd4]
C  [ntdll.dll+0x6ce51]


---------------  P R O C E S S  ---------------

Threads class SMR info:
_java_thread_list=0x00007ffa7fec3078, length=0, elements={
}

Java Threads: ( => current thread )

Other Threads:
  0x000002b08a881800 GCTaskThread "GC Thread#0" [stack: 0x000000ed74900000,0x000000ed74a00000] [id=22504]
  0x000002b08a893000 ConcurrentGCThread "G1 Main Marker" [stack: 0x000000ed74a00000,0x000000ed74b00000] [id=21112]
  0x000002b08a894800 ConcurrentGCThread "G1 Conc#0" [stack: 0x000000ed74b00000,0x000000ed74c00000] [id=3560]

[error occurred during error reporting (printing all threads), id 0xc0000005, EXCEPTION_ACCESS_VIOLATION (0xc0000005) at pc=0x00007ffa7f6f1257]

VM state:not at safepoint (not fully initialized)

VM Mutex/Monitor currently owned by a thread:  ([mutex/lock_event])
[0x000002b08a839d20] Heap_lock - owner thread: 0x000002b08a83c800

Heap address: 0x0000000080e00000, size: 2034 MB, Compressed Oops mode: 32-bit
Narrow klass base: 0x0000000000000000, Narrow klass shift: 0

GC Heap History (0 events):
No events

Deoptimization events (0 events):
No events

Classes unloaded (0 events):
No events

Classes redefined (0 events):
No events

Internal exceptions (0 events):
No events

Events (2 events):
Event: 0.007 Loaded shared library C:\Program Files\Java\jdk-14.0.1\bin\java.dll
Event: 0.008 Loaded shared library C:\Program Files\Java\jdk-14.0.1\bin\zip.dll


Dynamic libraries:
0x00007ff6f1ea0000 - 0x00007ff6f1eaf000 	C:\Program Files\Java\jdk-14.0.1\bin\javaw.exe
0x00007ffaca540000 - 0x00007ffaca730000 	C:\WINDOWS\SYSTEM32\ntdll.dll
0x00007ffac9da0000 - 0x00007ffac9e52000 	C:\WINDOWS\System32\KERNEL32.DLL
0x00007ffac79a0000 - 0x00007ffac7c43000 	C:\WINDOWS\System32\KERNELBASE.dll
0x00007ffac75a0000 - 0x00007ffac769a000 	C:\WINDOWS\System32\ucrtbase.dll
0x00007ffaa70d0000 - 0x00007ffaa70e5000 	C:\Program Files\Java\jdk-14.0.1\bin\VCRUNTIME140.dll
0x00007ffaa5d10000 - 0x00007ffaa5d28000 	C:\Program Files\Java\jdk-14.0.1\bin\jli.dll
0x00007ffac9a40000 - 0x00007ffac9ae3000 	C:\WINDOWS\System32\ADVAPI32.dll
0x00007ffac8b10000 - 0x00007ffac8bae000 	C:\WINDOWS\System32\msvcrt.dll
0x00007ffac9400000 - 0x00007ffac9497000 	C:\WINDOWS\System32\sechost.dll
0x00007ffac9e70000 - 0x00007ffac9f90000 	C:\WINDOWS\System32\RPCRT4.dll
0x00007ffaca180000 - 0x00007ffaca314000 	C:\WINDOWS\System32\USER32.dll
0x00007ffac7570000 - 0x00007ffac7591000 	C:\WINDOWS\System32\win32u.dll
0x00007ffab3ba0000 - 0x00007ffab3e25000 	C:\WINDOWS\WinSxS\amd64_microsoft.windows.common-controls_6595b64144ccf1df_6.0.18362.778_none_e6c6b761130d4fb8\COMCTL32.dll
0x00007ffaca0f0000 - 0x00007ffaca116000 	C:\WINDOWS\System32\GDI32.dll
0x00007ffac9700000 - 0x00007ffac9a36000 	C:\WINDOWS\System32\combase.dll
0x00007ffac83d0000 - 0x00007ffac8564000 	C:\WINDOWS\System32\gdi32full.dll
0x00007ffac8570000 - 0x00007ffac85f0000 	C:\WINDOWS\System32\bcryptPrimitives.dll
0x00007ffac74d0000 - 0x00007ffac756e000 	C:\WINDOWS\System32\msvcp_win.dll
0x00007ffac1b70000 - 0x00007ffac1b7a000 	C:\WINDOWS\SYSTEM32\VERSION.dll
0x00007ffaca320000 - 0x00007ffaca34e000 	C:\WINDOWS\System32\IMM32.DLL
0x00007ffa87b90000 - 0x00007ffa87c2b000 	C:\Program Files\Java\jdk-14.0.1\bin\msvcp140.dll
0x00007ffa7f440000 - 0x00007ffa7ff5e000 	C:\Program Files\Java\jdk-14.0.1\bin\server\jvm.dll
0x00007ffac9390000 - 0x00007ffac9398000 	C:\WINDOWS\System32\PSAPI.DLL
0x00007ffac5f10000 - 0x00007ffac5f19000 	C:\WINDOWS\SYSTEM32\WSOCK32.dll
0x00007ffac3ce0000 - 0x00007ffac3d04000 	C:\WINDOWS\SYSTEM32\WINMM.dll
0x00007ffac9b00000 - 0x00007ffac9b6f000 	C:\WINDOWS\System32\WS2_32.dll
0x00007ffac3cb0000 - 0x00007ffac3cdd000 	C:\WINDOWS\SYSTEM32\winmmbase.dll
0x00007ffac7950000 - 0x00007ffac799a000 	C:\WINDOWS\System32\cfgmgr32.dll
0x00007ffac7460000 - 0x00007ffac7471000 	C:\WINDOWS\System32\kernel.appcore.dll
0x00007ffabbb20000 - 0x00007ffabbb2a000 	C:\Program Files\Java\jdk-14.0.1\bin\jimage.dll
0x00007ffac5ba0000 - 0x00007ffac5d94000 	C:\WINDOWS\SYSTEM32\DBGHELP.DLL
0x00007ffab2270000 - 0x00007ffab229a000 	C:\WINDOWS\SYSTEM32\dbgcore.DLL
0x00007ffaa8980000 - 0x00007ffaa89a5000 	C:\Program Files\Java\jdk-14.0.1\bin\java.dll
0x00007ffabaa80000 - 0x00007ffabaa96000 	C:\Program Files\Java\jdk-14.0.1\bin\zip.dll

dbghelp: loaded successfully - version: 4.0.5 - missing functions: none
symbol engine: initialized successfully - sym options: 0x614 - pdb path: .;C:\Program Files\Java\jdk-14.0.1\bin;C:\WINDOWS\SYSTEM32;C:\WINDOWS\WinSxS\amd64_microsoft.windows.common-controls_6595b64144ccf1df_6.0.18362.778_none_e6c6b761130d4fb8;C:\Program Files\Java\jdk-14.0.1\bin\server

VM Arguments:
jvm_args: -Dfile.encoding=Cp1252 
java_command: kusty_interface.Calculator
java_class_path (initial): C:\Users\achar\eclipse-workspace\kusty\bin
Launcher Type: SUN_STANDARD

[Global flags]
     intx CICompilerCount                          = 4                                         {product} {ergonomic}
     uint ConcGCThreads                            = 2                                         {product} {ergonomic}
     uint G1ConcRefinementThreads                  = 8                                         {product} {ergonomic}
   size_t G1HeapRegionSize                         = 1048576                                   {product} {ergonomic}
    uintx GCDrainStackTargetSize                   = 64                                        {product} {ergonomic}
   size_t InitialHeapSize                          = 134217728                                 {product} {ergonomic}
   size_t MarkStackSize                            = 4194304                                   {product} {ergonomic}
   size_t MaxHeapSize                              = 2132803584                                {product} {ergonomic}
   size_t MinHeapDeltaBytes                        = 1048576                                   {product} {ergonomic}
   size_t MinHeapSize                              = 8388608                                   {product} {ergonomic}
    uintx NonNMethodCodeHeapSize                   = 5839372                                {pd product} {ergonomic}
    uintx NonProfiledCodeHeapSize                  = 122909434                              {pd product} {ergonomic}
    uintx ProfiledCodeHeapSize                     = 122909434                              {pd product} {ergonomic}
    uintx ReservedCodeCacheSize                    = 251658240                              {pd product} {ergonomic}
     bool SegmentedCodeCache                       = true                                      {product} {ergonomic}
   size_t SoftMaxHeapSize                          = 2132803584                             {manageable} {ergonomic}
     bool UseCompressedClassPointers               = true                                 {lp64_product} {ergonomic}
     bool UseCompressedOops                        = true                                 {lp64_product} {ergonomic}
     bool UseG1GC                                  = true                                      {product} {ergonomic}
     bool UseLargePagesIndividualAllocation        = false                                  {pd product} {ergonomic}

Logging:
Log output configuration:
 #0: stdout all=warning uptime,level,tags
 #1: stderr all=off uptime,level,tags

Environment Variables:
PATH=C:/Program Files/Java/jdk-14.0.1/bin/server;C:/Program Files/Java/jdk-14.0.1/bin;C:\Program Files (x86)\Common Files\Oracle\Java\javapath;C:\OCaml\emacs-23.3\bin;C:\OCaml\bin;C:\Program Files (x86)\Intel\iCLS Client\;C:\Program Files\Intel\iCLS Client\;C:\Windows\system32;C:\Windows;C:\Windows\System32\Wbem;C:\Windows\System32\WindowsPowerShell\v1.0\;C:\Program Files (x86)\NVIDIA Corporation\PhysX\Common;C:\Program Files (x86)\Intel\Intel(R) Management Engine Components\DAL;C:\Program Files\Intel\Intel(R) Management Engine Components\DAL;C:\Program Files (x86)\Intel\Intel(R) Management Engine Components\IPT;C:\Program Files\Intel\Intel(R) Management Engine Components\IPT;C:\WINDOWS\system32;C:\WINDOWS;C:\WINDOWS\System32\Wbem;C:\WINDOWS\System32\WindowsPowerShell\v1.0\;C:\Program Files\Intel\WiFi\bin\;C:\Program Files\Common Files\Intel\WirelessCommon\;C:\Users\achar\AppData\Roaming\Microsoft\Windows\Start Menu\Programs\Python 3.6;C:\WINDOWS\System32\OpenSSH\;C:\Program Files\NVIDIA Corporation\NVIDIA NvDLISR;C:\WINDOWS\system32;C:\WINDOWS;C:\WINDOWS\System32\Wbem;C:\WINDOWS\System32\WindowsPowerShell\v1.0\;C:\WINDOWS\System32\OpenSSH\;C:\Program Files\Java\jdk-14.0.1\bin;C:\Users\achar\AppData\Local\Programs\Python\Python36\Scripts\;C:\Users\achar\AppData\Local\Programs\Python\Python36\;C:\Users\achar\AppData\Local\Microsoft\WindowsApps;;C:\Users\achar\Desktop;
USERNAME=achar
OS=Windows_NT
PROCESSOR_IDENTIFIER=Intel64 Family 6 Model 94 Stepping 3, GenuineIntel



---------------  S Y S T E M  ---------------

OS: Windows 10 , 64 bit Build 18362 (10.0.18362.778)
OS uptime: 8 days 18:47 hours

CPU:total 8 (initial active 8) (4 cores per cpu, 2 threads per core) family 6 model 94 stepping 3, cmov, cx8, fxsr, mmx, sse, sse2, sse3, ssse3, sse4.1, sse4.2, popcnt, avx, avx2, aes, clmul, erms, rtm, 3dnowpref, lzcnt, ht, tsc, tscinvbit, bmi1, bmi2, adx, fma

Memory: 4k page, system-wide physical 8130M (1397M free)
TotalPageFile size 23242M (AvailPageFile size 59M)
current process WorkingSet (physical memory assigned to process): 10M, peak: 10M
current process commit charge ("private bytes"): 60M, peak: 188M

vm_info: Java HotSpot(TM) 64-Bit Server VM (14.0.1+7) for windows-amd64 JRE (14.0.1+7), built on Mar  5 2020 10:30:14 by "mach5one" with MS VC++ 15.9 (VS2017)

END.
